Monitoring simulation with http://localhost:45227
Feeding in weight data...
&{{2 0xc0001d2ea0 0xc0001d2990 0 0 0 0} 1 2}
  0.000000, Feed in 1 to Device.Tile[0][0].Core.North
&{{4 0xc0001d3050 0xc0001d2ab0 0 0 0 0} 2 0}
  0.000000, Feed in 2 to Device.Tile[0][0].Core.West
&{{10 0xc0001d3050 0xc0001d2ab0 1e-09 0 0 0} 4294967295 2}
  1.000000, Feed in 4294967295 to Device.Tile[0][0].Core.West
  1.000000, Device.Tile[0][0].Core, Recv 1 Driver.DeviceNorth[0]->Device.Tile[0][0].Core.North, Color 2
  1.000000, Device.Tile[0][0].Core, Recv 2 Driver.DeviceWest[0]->Device.Tile[0][0].Core.West, Color 0
Updated register $3 to value 1 at PC 0
RECV Instruction: Received 1 from NORTH buffer, stored in $3
  2.000000, Device.Tile[0][0].Core, Inst RECV, $3, NORTH, B
  2.000000, Device.Tile[0][0].Core, Recv 4294967295 Driver.DeviceWest[0]->Device.Tile[0][0].Core.West, Color 2
Updated register $1 to value 2 at PC 1
  3.000000, Device.Tile[0][0].Core, Inst RECV_SEND, EAST_R, $1, WEST_R
  4.000000, Device.Tile[0][0].Core, Send 2 Device.Tile[0][0].Core.East->Driver.DeviceEast[0], Color 0
Updated register $2 to value 4294967295 at PC 2
  4.000000, Device.Tile[0][0].Core, Inst RECV_SEND, EAST_B, $2, WEST_B
  5.000000, Device.Tile[0][0].Core, Send 4294967295 Device.Tile[0][0].Core.East->Driver.DeviceEast[0], Color 2
Updated register $0 to value 4294967294 at PC 3
Mac Instruction, Data are 2 and 4294967295, Res is 4294967294
MAC: $0 += $1 * $2 => Result: 4294967294
  5.000000, Device.Tile[0][0].Core, Inst MAC, $0, $1, $2
IADD: Adding 1 (src1) + 4294967294 (src2) = 4294967295
Updated register $0 to value 4294967295 at PC 4
  6.000000, Device.Tile[0][0].Core, Inst ADDI, $0, $3, $0
Updated register $4 to value 1 at PC 5
  7.000000, Device.Tile[0][0].Core, Inst I_CMP_LT, $4, $0, 0
  8.000000, Device.Tile[0][0].Core, Inst JEQ, ELSE, $4, 1
Updated register $5 to value 0 at PC 11
MOV Instruction: Moving 0 into $5
  9.000000, Device.Tile[0][0].Core, Inst     MOV, $5, 0
SEND: Stored value 0 in send buffer for color 2 and destination index 2
 10.000000, Device.Tile[0][0].Core, Inst     SEND, NET_SEND_SOUTH, $5, B
 11.000000, Device.Tile[0][0].Core, Send 0 Device.Tile[0][0].Core.South->Driver.DeviceSouth[0], Color 2
Updated register $0 to value 0 at PC 14
MOV Instruction: Moving 0 into $0
 11.000000, Device.Tile[0][0].Core, Inst MOV, $0, 0 
Input Layer Output: [0]
