Monitoring simulation with http://localhost:43949
Feeding in Input Data...
&{{2 0xc000305560 0xc000304a20 0 0 0 0} 1 2}
  0.000000, Feed in 1 to Device.Tile[0][0].Core.North
&{{4 0xc0003057a0 0xc000304b40 0 0 0 0} 2 0}
  0.000000, Feed in 2 to Device.Tile[0][0].Core.West
&{{6 0xc000305830 0xc000304e10 0 0 0 0} 2 0}
  0.000000, Feed in 2 to Device.Tile[1][0].Core.West
&{{14 0xc0003057a0 0xc000304b40 1e-09 0 0 0} 3 2}
  1.000000, Feed in 3 to Device.Tile[0][0].Core.West
&{{15 0xc000305830 0xc000304e10 1e-09 0 0 0} 3 2}
  1.000000, Feed in 3 to Device.Tile[1][0].Core.West
  1.000000, Device.Tile[1][0].Core, Recv 2 Driver.DeviceWest[1]->Device.Tile[1][0].Core.West, Color 0
  1.000000, Device.Tile[0][0].Core, Recv 1 Driver.DeviceNorth[0]->Device.Tile[0][0].Core.North, Color 2
  1.000000, Device.Tile[0][0].Core, Recv 2 Driver.DeviceWest[0]->Device.Tile[0][0].Core.West, Color 0
  2.000000, Device.Tile[1][0].Core, Recv 3 Driver.DeviceWest[1]->Device.Tile[1][0].Core.West, Color 2
Updated register $5 to value 1 at PC 0
RECV Instruction: Received 1 from NORTH buffer, stored in $5
  2.000000, Device.Tile[0][0].Core, Inst RECV, $5, NORTH, B
  2.000000, Device.Tile[0][0].Core, Recv 3 Driver.DeviceWest[0]->Device.Tile[0][0].Core.West, Color 2
Updated register $3 to value 2 at PC 1
  3.000000, Device.Tile[0][0].Core, Inst RECV_SEND, EAST_R, $3, WEST_R
  4.000000, Device.Tile[0][0].Core, Send 2 Device.Tile[0][0].Core.East->Driver.DeviceEast[0], Color 0
Updated register $4 to value 3 at PC 2
  4.000000, Device.Tile[0][0].Core, Inst RECV_SEND, EAST_B, $4, WEST_B
  5.000000, Device.Tile[0][0].Core, Send 3 Device.Tile[0][0].Core.East->Driver.DeviceEast[0], Color 2
Updated register $6 to value 2 at PC 3
MOV Instruction: Moving 2 into $6
  5.000000, Device.Tile[0][0].Core, Inst MOV, $6, $3
Updated register $7 to value 3 at PC 4
MOV Instruction: Moving 3 into $7
  6.000000, Device.Tile[0][0].Core, Inst MOV, $7, $4
Updated register $8 to value 1 at PC 5
MOV Instruction: Moving 1 into $8
  7.000000, Device.Tile[0][0].Core, Inst MOV, $8, $5
SEND: Stored value 2 in send buffer for color 0 and destination index 1
  8.000000, Device.Tile[0][0].Core, Inst SEND, NET_SEND_EAST, $6, R
SEND: Stored value 3 in send buffer for color 2 and destination index 1
  9.000000, Device.Tile[0][0].Core, Inst SEND, NET_SEND_EAST, $7, B
Updated register $0 to value 6 at PC 8
Mac Instruction, Data are 3 and 2, Res is 6
MAC: $0 += $4 * $3 => Result: 6
 10.000000, Device.Tile[0][0].Core, Inst MAC, $0, $4, $3
IADD: Adding 1 (src1) + 6 (src2) = 7
Updated register $0 to value 7 at PC 9
 11.000000, Device.Tile[0][0].Core, Inst ADDI, $0, $8, $0
Updated register $6 to value 0 at PC 10
 12.000000, Device.Tile[0][0].Core, Inst I_CMP_LT, $6, $0, 0
 13.000000, Device.Tile[0][0].Core, Inst JEQ, ELSE, $6, 1
SEND: Stored value 7 in send buffer for color 2 and destination index 2
 14.000000, Device.Tile[0][0].Core, Inst     SEND, NET_SEND_SOUTH, $0, B
 15.000000, Device.Tile[0][0].Core, Send 7 Device.Tile[0][0].Core.South->Device.Tile[1][0].Core.North, Color 2
 15.000000, Device.Tile[0][0].Core, Inst     JMP, END
Updated register $0 to value 0 at PC 20
MOV Instruction: Moving 0 into $0
 16.000000, Device.Tile[0][0].Core, Inst     MOV, $0, 0
 26.000000, Device.Tile[1][0].Core, Recv 7 Device.Tile[0][0].Core.South->Device.Tile[1][0].Core.North, Color 2
Updated register $5 to value 7 at PC 0
RECV Instruction: Received 7 from NORTH buffer, stored in $5
 27.000000, Device.Tile[1][0].Core, Inst RECV, $5, NORTH, B
Updated register $3 to value 2 at PC 1
 28.000000, Device.Tile[1][0].Core, Inst RECV_SEND, EAST_R, $3, WEST_R
 29.000000, Device.Tile[1][0].Core, Send 2 Device.Tile[1][0].Core.East->Driver.DeviceEast[1], Color 0
Updated register $4 to value 3 at PC 2
 29.000000, Device.Tile[1][0].Core, Inst RECV_SEND, EAST_B, $4, WEST_B
 30.000000, Device.Tile[1][0].Core, Send 3 Device.Tile[1][0].Core.East->Driver.DeviceEast[1], Color 2
Updated register $6 to value 2 at PC 3
MOV Instruction: Moving 2 into $6
 30.000000, Device.Tile[1][0].Core, Inst MOV, $6, $3
Updated register $7 to value 3 at PC 4
MOV Instruction: Moving 3 into $7
 31.000000, Device.Tile[1][0].Core, Inst MOV, $7, $4
Updated register $8 to value 7 at PC 5
MOV Instruction: Moving 7 into $8
 32.000000, Device.Tile[1][0].Core, Inst MOV, $8, $5
SEND: Stored value 2 in send buffer for color 0 and destination index 1
 33.000000, Device.Tile[1][0].Core, Inst SEND, NET_SEND_EAST, $6, R
SEND: Stored value 3 in send buffer for color 2 and destination index 1
 34.000000, Device.Tile[1][0].Core, Inst SEND, NET_SEND_EAST, $7, B
Updated register $0 to value 6 at PC 8
Mac Instruction, Data are 3 and 2, Res is 6
MAC: $0 += $4 * $3 => Result: 6
 35.000000, Device.Tile[1][0].Core, Inst MAC, $0, $4, $3
IADD: Adding 7 (src1) + 6 (src2) = 13
Updated register $0 to value 13 at PC 9
 36.000000, Device.Tile[1][0].Core, Inst ADDI, $0, $8, $0
Updated register $6 to value 0 at PC 10
 37.000000, Device.Tile[1][0].Core, Inst I_CMP_LT, $6, $0, 0
 38.000000, Device.Tile[1][0].Core, Inst JEQ, ELSE, $6, 1
SEND: Stored value 13 in send buffer for color 2 and destination index 2
 39.000000, Device.Tile[1][0].Core, Inst     SEND, NET_SEND_SOUTH, $0, B
 40.000000, Device.Tile[1][0].Core, Send 13 Device.Tile[1][0].Core.South->Driver.DeviceSouth[0], Color 2
 40.000000, Device.Tile[1][0].Core, Inst     JMP, END
Updated register $0 to value 0 at PC 20
MOV Instruction: Moving 0 into $0
 41.000000, Device.Tile[1][0].Core, Inst     MOV, $0, 0
&{{123 0xc000305560 0xc000304a20 4.2e-08 0 0 0} 1 2}
 42.000000, Feed in 1 to Device.Tile[0][0].Core.North
 43.000000, Device.Tile[0][0].Core, Recv 1 Driver.DeviceNorth[0]->Device.Tile[0][0].Core.North, Color 2
